2021-12-13 11:12:816 INFO  ManageDriver :29 - Launching chrome driver
2021-12-13 11:12:200 INFO  ManageDriver :29 - Launching chrome driver
2021-12-13 11:12:967 INFO  ManageDriver :29 - Launching chrome driver
2021-12-13 11:12:362 INFO  ManageDriver :29 - Launching chrome driver
2021-12-13 11:12:56 INFO  ManageDriver :29 - Launching chrome driver
2021-12-13 11:12:576 INFO  ManageDriver :29 - Launching chrome driver
2021-12-13 11:12:374 INFO  ManageDriver :29 - Launching chrome driver
2021-12-13 11:12:350 INFO  ManageDriver :29 - Launching chrome driver
2021-12-13 11:12:937 INFO  ManageDriver :29 - Launching chrome driver
2021-12-13 11:12:770 INFO  ManageDriver :29 - Launching chrome driver
2021-12-13 11:12:60 INFO  ManageDriver :29 - Launching chrome driver
2021-12-13 11:12:670 INFO  ManageDriver :29 - Launching chrome driver
2021-12-13 11:12:360 INFO  ManageDriver :29 - Launching chrome driver
2021-12-13 11:12:771 INFO  ManageDriver :29 - Launching chrome driver
2021-12-13 11:12:642 INFO  ManageDriver :29 - Launching chrome driver
2021-12-13 11:12:737 INFO  ManageDriver :29 - Launching chrome driver
2021-12-13 11:12:111 INFO  ManageDriver :29 - Launching chrome driver
2021-12-13 11:12:274 INFO  ManageDriver :29 - Launching chrome driver
2021-12-13 11:12:449 INFO  ManageDriver :29 - Launching chrome driver
2021-12-13 11:12:49 INFO  ManageDriver :29 - Launching chrome driver
2021-12-13 11:12:974 INFO  ManageDriver :29 - Launching chrome driver
2021-12-13 11:12:143 INFO  ManageDriver :29 - Launching chrome driver
2021-12-13 11:12:541 INFO  ManageDriver :29 - Launching chrome driver
2021-12-13 11:12:887 INFO  ManageDriver :29 - Launching chrome driver
2021-12-13 11:12:521 INFO  ManageDriver :29 - Launching chrome driver
2021-12-13 11:12:842 INFO  ManageDriver :29 - Launching chrome driver
2021-12-13 12:12:386 INFO  ManageDriver :29 - Launching chrome driver
2021-12-13 12:12:42 INFO  ManageDriver :29 - Launching chrome driver
2021-12-13 12:12:992 INFO  ManageDriver :29 - Launching chrome driver
2021-12-13 12:12:872 INFO  ManageDriver :29 - Launching chrome driver
2021-12-13 12:12:488 INFO  ManageDriver :29 - Launching chrome driver
2021-12-13 12:12:237 INFO  ManageDriver :29 - Launching chrome driver
2021-12-13 12:12:102 INFO  ManageDriver :29 - Launching chrome driver
2021-12-13 12:12:292 INFO  ManageDriver :29 - Launching chrome driver
2021-12-13 12:12:117 INFO  ManageDriver :29 - Launching chrome driver
2021-12-13 12:12:714 INFO  ManageDriver :29 - Launching chrome driver
2021-12-13 12:12:520 INFO  ManageDriver :29 - Launching chrome driver
2021-12-13 12:12:577 INFO  ManageDriver :29 - Launching chrome driver
2021-12-13 12:12:799 INFO  ManageDriver :29 - Launching chrome driver
2021-12-13 12:12:525 INFO  ManageDriver :29 - Launching chrome driver
2021-12-13 12:12:08 INFO  ManageDriver :29 - Launching chrome driver
2021-12-13 12:12:423 INFO  ManageDriver :29 - Launching chrome driver
2021-12-13 12:12:503 INFO  ManageDriver :29 - Launching chrome driver
2021-12-13 12:12:104 INFO  ManageDriver :29 - Launching chrome driver
2021-12-13 12:12:892 INFO  ManageDriver :29 - Launching chrome driver
2021-12-13 12:12:610 INFO  ManageDriver :29 - Launching chrome driver
2021-12-13 12:12:448 INFO  ManageDriver :29 - Launching chrome driver
2021-12-13 12:12:32 INFO  ManageDriver :29 - Launching chrome driver
2021-12-14 21:12:494 INFO  ManageDriver :29 - Launching chrome driver
2021-12-14 21:12:391 INFO  HomePage :58 - Clicking on job title   link : [[ChromeDriver: chrome on WINDOWS (a272cd14c08d3312336644fdf0280e78)] -> id: keywords]
2021-12-14 21:12:596 INFO  HomePage :62 - Clicking on location link : [[ChromeDriver: chrome on WINDOWS (a272cd14c08d3312336644fdf0280e78)] -> id: location]
2021-12-14 21:12:749 INFO  HomePage :68 - Clicking on distance drop down : [[ChromeDriver: chrome on WINDOWS (a272cd14c08d3312336644fdf0280e78)] -> id: distance]
2021-12-14 21:12:875 INFO  HomePage :73 - Clicking on more search option link : [[ChromeDriver: chrome on WINDOWS (a272cd14c08d3312336644fdf0280e78)] -> id: toggle-hp-search]
2021-12-14 21:12:986 INFO  HomePage :78 - Enter on minimum salary  : [[ChromeDriver: chrome on WINDOWS (a272cd14c08d3312336644fdf0280e78)] -> id: salarymin]
2021-12-14 21:12:64 INFO  HomePage :82 - Enter maximum salary : [[ChromeDriver: chrome on WINDOWS (a272cd14c08d3312336644fdf0280e78)] -> id: salarymax]
2021-12-14 21:12:111 INFO  HomePage :87 - Select salary type: [[ChromeDriver: chrome on WINDOWS (a272cd14c08d3312336644fdf0280e78)] -> id: salarytype]
2021-12-14 21:12:184 INFO  HomePage :92 - Select job type: [[ChromeDriver: chrome on WINDOWS (a272cd14c08d3312336644fdf0280e78)] -> id: tempperm]
2021-12-14 21:12:269 INFO  HomePage :97 - Clicking on find job btn link : [[ChromeDriver: chrome on WINDOWS (a272cd14c08d3312336644fdf0280e78)] -> id: hp-search-btn]
2021-12-14 21:12:492 INFO  ResultPage :29 - result is : [[ChromeDriver: chrome on WINDOWS (a272cd14c08d3312336644fdf0280e78)] -> xpath: //h1[contains(text(),'Permanent')]]
2021-12-14 21:12:225 INFO  ManageDriver :29 - Launching chrome driver
2021-12-14 21:12:365 INFO  HomePage :58 - Clicking on job title   link : [[ChromeDriver: chrome on WINDOWS (0a569fb5eedbedd73f49f3e26239353c)] -> id: keywords]
2021-12-14 21:12:524 INFO  HomePage :62 - Clicking on location link : [[ChromeDriver: chrome on WINDOWS (0a569fb5eedbedd73f49f3e26239353c)] -> id: location]
2021-12-14 21:12:628 INFO  HomePage :68 - Clicking on distance drop down : [[ChromeDriver: chrome on WINDOWS (0a569fb5eedbedd73f49f3e26239353c)] -> id: distance]
2021-12-14 21:12:734 INFO  HomePage :73 - Clicking on more search option link : [[ChromeDriver: chrome on WINDOWS (0a569fb5eedbedd73f49f3e26239353c)] -> id: toggle-hp-search]
2021-12-14 21:12:850 INFO  HomePage :78 - Enter on minimum salary  : [[ChromeDriver: chrome on WINDOWS (0a569fb5eedbedd73f49f3e26239353c)] -> id: salarymin]
2021-12-14 21:12:932 INFO  HomePage :82 - Enter maximum salary : [[ChromeDriver: chrome on WINDOWS (0a569fb5eedbedd73f49f3e26239353c)] -> id: salarymax]
2021-12-14 21:12:980 INFO  HomePage :87 - Select salary type: [[ChromeDriver: chrome on WINDOWS (0a569fb5eedbedd73f49f3e26239353c)] -> id: salarytype]
2021-12-14 21:12:44 INFO  HomePage :92 - Select job type: [[ChromeDriver: chrome on WINDOWS (0a569fb5eedbedd73f49f3e26239353c)] -> id: tempperm]
2021-12-14 21:12:124 INFO  HomePage :97 - Clicking on find job btn link : [[ChromeDriver: chrome on WINDOWS (0a569fb5eedbedd73f49f3e26239353c)] -> id: hp-search-btn]
2021-12-14 21:12:219 INFO  ResultPage :29 - result is : [[ChromeDriver: chrome on WINDOWS (0a569fb5eedbedd73f49f3e26239353c)] -> xpath: //h1[contains(text(),'Permanent')]]
2021-12-14 21:12:22 INFO  ManageDriver :29 - Launching chrome driver
2021-12-14 21:12:254 INFO  HomePage :58 - Clicking on job title   link : [[ChromeDriver: chrome on WINDOWS (c2e476786d09abc154a85ff441f626b5)] -> id: keywords]
2021-12-14 21:12:393 INFO  HomePage :62 - Clicking on location link : [[ChromeDriver: chrome on WINDOWS (c2e476786d09abc154a85ff441f626b5)] -> id: location]
2021-12-14 21:12:543 INFO  HomePage :68 - Clicking on distance drop down : [[ChromeDriver: chrome on WINDOWS (c2e476786d09abc154a85ff441f626b5)] -> id: distance]
2021-12-14 21:12:651 INFO  HomePage :73 - Clicking on more search option link : [[ChromeDriver: chrome on WINDOWS (c2e476786d09abc154a85ff441f626b5)] -> id: toggle-hp-search]
2021-12-14 21:12:764 INFO  HomePage :78 - Enter on minimum salary  : [[ChromeDriver: chrome on WINDOWS (c2e476786d09abc154a85ff441f626b5)] -> id: salarymin]
2021-12-14 21:12:844 INFO  HomePage :82 - Enter maximum salary : [[ChromeDriver: chrome on WINDOWS (c2e476786d09abc154a85ff441f626b5)] -> id: salarymax]
2021-12-14 21:12:886 INFO  HomePage :87 - Select salary type: [[ChromeDriver: chrome on WINDOWS (c2e476786d09abc154a85ff441f626b5)] -> id: salarytype]
2021-12-14 21:12:950 INFO  HomePage :92 - Select job type: [[ChromeDriver: chrome on WINDOWS (c2e476786d09abc154a85ff441f626b5)] -> id: tempperm]
2021-12-14 21:12:25 INFO  HomePage :97 - Clicking on find job btn link : [[ChromeDriver: chrome on WINDOWS (c2e476786d09abc154a85ff441f626b5)] -> id: hp-search-btn]
2021-12-14 21:12:941 INFO  ResultPage :29 - result is : [[ChromeDriver: chrome on WINDOWS (c2e476786d09abc154a85ff441f626b5)] -> xpath: //h1[contains(text(),'Permanent')]]
2021-12-14 21:12:696 INFO  ManageDriver :29 - Launching chrome driver
2021-12-14 21:12:119 INFO  HomePage :58 - Clicking on job title   link : [[ChromeDriver: chrome on WINDOWS (99a7af5d0649c6dc607d0680a70f7432)] -> id: keywords]
2021-12-14 21:12:223 INFO  HomePage :62 - Clicking on location link : [[ChromeDriver: chrome on WINDOWS (99a7af5d0649c6dc607d0680a70f7432)] -> id: location]
2021-12-14 21:12:320 INFO  HomePage :68 - Clicking on distance drop down : [[ChromeDriver: chrome on WINDOWS (99a7af5d0649c6dc607d0680a70f7432)] -> id: distance]
2021-12-14 21:12:413 INFO  HomePage :73 - Clicking on more search option link : [[ChromeDriver: chrome on WINDOWS (99a7af5d0649c6dc607d0680a70f7432)] -> id: toggle-hp-search]
2021-12-14 21:12:521 INFO  HomePage :78 - Enter on minimum salary  : [[ChromeDriver: chrome on WINDOWS (99a7af5d0649c6dc607d0680a70f7432)] -> id: salarymin]
2021-12-14 21:12:614 INFO  HomePage :82 - Enter maximum salary : [[ChromeDriver: chrome on WINDOWS (99a7af5d0649c6dc607d0680a70f7432)] -> id: salarymax]
2021-12-14 21:12:665 INFO  HomePage :87 - Select salary type: [[ChromeDriver: chrome on WINDOWS (99a7af5d0649c6dc607d0680a70f7432)] -> id: salarytype]
2021-12-14 21:12:734 INFO  HomePage :92 - Select job type: [[ChromeDriver: chrome on WINDOWS (99a7af5d0649c6dc607d0680a70f7432)] -> id: tempperm]
2021-12-14 21:12:807 INFO  HomePage :97 - Clicking on find job btn link : [[ChromeDriver: chrome on WINDOWS (99a7af5d0649c6dc607d0680a70f7432)] -> id: hp-search-btn]
2021-12-14 21:12:731 INFO  ResultPage :29 - result is : [[ChromeDriver: chrome on WINDOWS (99a7af5d0649c6dc607d0680a70f7432)] -> xpath: //h1[contains(text(),'Permanent')]]
2021-12-14 21:12:440 INFO  ManageDriver :29 - Launching chrome driver
2021-12-14 21:12:790 INFO  HomePage :58 - Clicking on job title   link : [[ChromeDriver: chrome on WINDOWS (5539b6ffdcc26a2ca7ad989ac398d95b)] -> id: keywords]
2021-12-14 21:12:03 INFO  HomePage :62 - Clicking on location link : [[ChromeDriver: chrome on WINDOWS (5539b6ffdcc26a2ca7ad989ac398d95b)] -> id: location]
2021-12-14 21:12:100 INFO  HomePage :68 - Clicking on distance drop down : [[ChromeDriver: chrome on WINDOWS (5539b6ffdcc26a2ca7ad989ac398d95b)] -> id: distance]
2021-12-14 21:12:209 INFO  HomePage :73 - Clicking on more search option link : [[ChromeDriver: chrome on WINDOWS (5539b6ffdcc26a2ca7ad989ac398d95b)] -> id: toggle-hp-search]
2021-12-14 21:12:499 INFO  HomePage :78 - Enter on minimum salary  : [[ChromeDriver: chrome on WINDOWS (5539b6ffdcc26a2ca7ad989ac398d95b)] -> id: salarymin]
2021-12-14 21:12:552 INFO  HomePage :82 - Enter maximum salary : [[ChromeDriver: chrome on WINDOWS (5539b6ffdcc26a2ca7ad989ac398d95b)] -> id: salarymax]
2021-12-14 21:12:587 INFO  HomePage :87 - Select salary type: [[ChromeDriver: chrome on WINDOWS (5539b6ffdcc26a2ca7ad989ac398d95b)] -> id: salarytype]
2021-12-14 21:12:644 INFO  HomePage :92 - Select job type: [[ChromeDriver: chrome on WINDOWS (5539b6ffdcc26a2ca7ad989ac398d95b)] -> id: tempperm]
2021-12-14 21:12:726 INFO  HomePage :97 - Clicking on find job btn link : [[ChromeDriver: chrome on WINDOWS (5539b6ffdcc26a2ca7ad989ac398d95b)] -> id: hp-search-btn]
2021-12-14 21:12:655 INFO  ResultPage :29 - result is : [[ChromeDriver: chrome on WINDOWS (5539b6ffdcc26a2ca7ad989ac398d95b)] -> xpath: //h1[contains(text(),'Permanent')]]
2021-12-14 21:12:423 INFO  ManageDriver :29 - Launching chrome driver
2021-12-14 21:12:593 INFO  HomePage :58 - Clicking on job title   link : [[ChromeDriver: chrome on WINDOWS (fae6f8235b3a5f59596f501eb255297e)] -> id: keywords]
2021-12-14 21:12:798 INFO  HomePage :62 - Clicking on location link : [[ChromeDriver: chrome on WINDOWS (fae6f8235b3a5f59596f501eb255297e)] -> id: location]
2021-12-14 21:12:897 INFO  HomePage :68 - Clicking on distance drop down : [[ChromeDriver: chrome on WINDOWS (fae6f8235b3a5f59596f501eb255297e)] -> id: distance]
2021-12-14 21:12:02 INFO  HomePage :73 - Clicking on more search option link : [[ChromeDriver: chrome on WINDOWS (fae6f8235b3a5f59596f501eb255297e)] -> id: toggle-hp-search]
2021-12-14 21:12:130 INFO  HomePage :78 - Enter on minimum salary  : [[ChromeDriver: chrome on WINDOWS (fae6f8235b3a5f59596f501eb255297e)] -> id: salarymin]
2021-12-14 21:12:200 INFO  HomePage :82 - Enter maximum salary : [[ChromeDriver: chrome on WINDOWS (fae6f8235b3a5f59596f501eb255297e)] -> id: salarymax]
2021-12-14 21:12:240 INFO  HomePage :87 - Select salary type: [[ChromeDriver: chrome on WINDOWS (fae6f8235b3a5f59596f501eb255297e)] -> id: salarytype]
2021-12-14 21:12:303 INFO  HomePage :92 - Select job type: [[ChromeDriver: chrome on WINDOWS (fae6f8235b3a5f59596f501eb255297e)] -> id: tempperm]
2021-12-14 21:12:374 INFO  HomePage :97 - Clicking on find job btn link : [[ChromeDriver: chrome on WINDOWS (fae6f8235b3a5f59596f501eb255297e)] -> id: hp-search-btn]
2021-12-14 21:12:683 INFO  ResultPage :29 - result is : [[ChromeDriver: chrome on WINDOWS (fae6f8235b3a5f59596f501eb255297e)] -> xpath: //h1[contains(text(),'Permanent')]]
2021-12-14 21:12:385 INFO  ManageDriver :29 - Launching chrome driver
2021-12-14 21:12:714 INFO  HomePage :58 - Clicking on job title   link : [[ChromeDriver: chrome on WINDOWS (dfa9c5960f7c77c17f299bce87d666e6)] -> id: keywords]
2021-12-14 21:12:922 INFO  HomePage :62 - Clicking on location link : [[ChromeDriver: chrome on WINDOWS (dfa9c5960f7c77c17f299bce87d666e6)] -> id: location]
2021-12-14 21:12:53 INFO  HomePage :68 - Clicking on distance drop down : [[ChromeDriver: chrome on WINDOWS (dfa9c5960f7c77c17f299bce87d666e6)] -> id: distance]
2021-12-14 21:12:164 INFO  HomePage :73 - Clicking on more search option link : [[ChromeDriver: chrome on WINDOWS (dfa9c5960f7c77c17f299bce87d666e6)] -> id: toggle-hp-search]
2021-12-14 21:12:283 INFO  HomePage :78 - Enter on minimum salary  : [[ChromeDriver: chrome on WINDOWS (dfa9c5960f7c77c17f299bce87d666e6)] -> id: salarymin]
2021-12-14 21:12:381 INFO  HomePage :82 - Enter maximum salary : [[ChromeDriver: chrome on WINDOWS (dfa9c5960f7c77c17f299bce87d666e6)] -> id: salarymax]
2021-12-14 21:12:432 INFO  HomePage :87 - Select salary type: [[ChromeDriver: chrome on WINDOWS (dfa9c5960f7c77c17f299bce87d666e6)] -> id: salarytype]
2021-12-14 21:12:499 INFO  HomePage :92 - Select job type: [[ChromeDriver: chrome on WINDOWS (dfa9c5960f7c77c17f299bce87d666e6)] -> id: tempperm]
2021-12-14 21:12:586 INFO  HomePage :97 - Clicking on find job btn link : [[ChromeDriver: chrome on WINDOWS (dfa9c5960f7c77c17f299bce87d666e6)] -> id: hp-search-btn]
2021-12-14 21:12:766 INFO  ResultPage :29 - result is : [[ChromeDriver: chrome on WINDOWS (dfa9c5960f7c77c17f299bce87d666e6)] -> xpath: //h1[contains(text(),'Permanent')]]
2021-12-14 21:12:191 INFO  ManageDriver :29 - Launching chrome driver
2021-12-14 21:12:450 INFO  HomePage :58 - Clicking on job title   link : [[ChromeDriver: chrome on WINDOWS (37819ae75666f55b4f88d2fff6344f4b)] -> id: keywords]
2021-12-14 21:12:643 INFO  HomePage :62 - Clicking on location link : [[ChromeDriver: chrome on WINDOWS (37819ae75666f55b4f88d2fff6344f4b)] -> id: location]
2021-12-14 21:12:777 INFO  HomePage :68 - Clicking on distance drop down : [[ChromeDriver: chrome on WINDOWS (37819ae75666f55b4f88d2fff6344f4b)] -> id: distance]
2021-12-14 21:12:907 INFO  HomePage :73 - Clicking on more search option link : [[ChromeDriver: chrome on WINDOWS (37819ae75666f55b4f88d2fff6344f4b)] -> id: toggle-hp-search]
2021-12-14 21:12:30 INFO  HomePage :78 - Enter on minimum salary  : [[ChromeDriver: chrome on WINDOWS (37819ae75666f55b4f88d2fff6344f4b)] -> id: salarymin]
2021-12-14 21:12:122 INFO  HomePage :82 - Enter maximum salary : [[ChromeDriver: chrome on WINDOWS (37819ae75666f55b4f88d2fff6344f4b)] -> id: salarymax]
2021-12-14 21:12:174 INFO  HomePage :87 - Select salary type: [[ChromeDriver: chrome on WINDOWS (37819ae75666f55b4f88d2fff6344f4b)] -> id: salarytype]
2021-12-14 21:12:241 INFO  HomePage :92 - Select job type: [[ChromeDriver: chrome on WINDOWS (37819ae75666f55b4f88d2fff6344f4b)] -> id: tempperm]
2021-12-14 21:12:323 INFO  HomePage :97 - Clicking on find job btn link : [[ChromeDriver: chrome on WINDOWS (37819ae75666f55b4f88d2fff6344f4b)] -> id: hp-search-btn]
2021-12-14 21:12:278 INFO  ResultPage :29 - result is : [[ChromeDriver: chrome on WINDOWS (37819ae75666f55b4f88d2fff6344f4b)] -> xpath: //h1[contains(text(),'Permanent')]]
2021-12-14 21:12:23 INFO  ManageDriver :29 - Launching chrome driver
2021-12-14 21:12:205 INFO  HomePage :58 - Clicking on job title   link : [[ChromeDriver: chrome on WINDOWS (b92ec76994a91f2b9a17bfe8d83341df)] -> id: keywords]
2021-12-14 21:12:271 INFO  HomePage :62 - Clicking on location link : [[ChromeDriver: chrome on WINDOWS (b92ec76994a91f2b9a17bfe8d83341df)] -> id: location]
2021-12-14 21:12:375 INFO  HomePage :68 - Clicking on distance drop down : [[ChromeDriver: chrome on WINDOWS (b92ec76994a91f2b9a17bfe8d83341df)] -> id: distance]
2021-12-14 21:12:487 INFO  HomePage :73 - Clicking on more search option link : [[ChromeDriver: chrome on WINDOWS (b92ec76994a91f2b9a17bfe8d83341df)] -> id: toggle-hp-search]
2021-12-14 21:12:601 INFO  HomePage :78 - Enter on minimum salary  : [[ChromeDriver: chrome on WINDOWS (b92ec76994a91f2b9a17bfe8d83341df)] -> id: salarymin]
2021-12-14 21:12:672 INFO  HomePage :82 - Enter maximum salary : [[ChromeDriver: chrome on WINDOWS (b92ec76994a91f2b9a17bfe8d83341df)] -> id: salarymax]
2021-12-14 21:12:720 INFO  HomePage :87 - Select salary type: [[ChromeDriver: chrome on WINDOWS (b92ec76994a91f2b9a17bfe8d83341df)] -> id: salarytype]
2021-12-14 21:12:794 INFO  HomePage :92 - Select job type: [[ChromeDriver: chrome on WINDOWS (b92ec76994a91f2b9a17bfe8d83341df)] -> id: tempperm]
2021-12-14 21:12:883 INFO  HomePage :97 - Clicking on find job btn link : [[ChromeDriver: chrome on WINDOWS (b92ec76994a91f2b9a17bfe8d83341df)] -> id: hp-search-btn]
2021-12-14 21:12:283 INFO  ResultPage :29 - result is : [[ChromeDriver: chrome on WINDOWS (b92ec76994a91f2b9a17bfe8d83341df)] -> xpath: //h1[contains(text(),'Permanent')]]
2021-12-14 21:12:80 INFO  ManageDriver :29 - Launching chrome driver
2021-12-14 21:12:355 INFO  HomePage :58 - Clicking on job title   link : [[ChromeDriver: chrome on WINDOWS (55aa19c7885bc906780377ebdd90024e)] -> id: keywords]
2021-12-14 21:12:484 INFO  HomePage :62 - Clicking on location link : [[ChromeDriver: chrome on WINDOWS (55aa19c7885bc906780377ebdd90024e)] -> id: location]
2021-12-14 21:12:580 INFO  HomePage :68 - Clicking on distance drop down : [[ChromeDriver: chrome on WINDOWS (55aa19c7885bc906780377ebdd90024e)] -> id: distance]
2021-12-14 21:12:687 INFO  HomePage :73 - Clicking on more search option link : [[ChromeDriver: chrome on WINDOWS (55aa19c7885bc906780377ebdd90024e)] -> id: toggle-hp-search]
2021-12-14 21:12:789 INFO  HomePage :78 - Enter on minimum salary  : [[ChromeDriver: chrome on WINDOWS (55aa19c7885bc906780377ebdd90024e)] -> id: salarymin]
2021-12-14 21:12:868 INFO  HomePage :82 - Enter maximum salary : [[ChromeDriver: chrome on WINDOWS (55aa19c7885bc906780377ebdd90024e)] -> id: salarymax]
2021-12-14 21:12:921 INFO  HomePage :87 - Select salary type: [[ChromeDriver: chrome on WINDOWS (55aa19c7885bc906780377ebdd90024e)] -> id: salarytype]
2021-12-14 21:12:984 INFO  HomePage :92 - Select job type: [[ChromeDriver: chrome on WINDOWS (55aa19c7885bc906780377ebdd90024e)] -> id: tempperm]
2021-12-14 21:12:60 INFO  HomePage :97 - Clicking on find job btn link : [[ChromeDriver: chrome on WINDOWS (55aa19c7885bc906780377ebdd90024e)] -> id: hp-search-btn]
2021-12-14 21:12:549 INFO  ResultPage :29 - result is : [[ChromeDriver: chrome on WINDOWS (55aa19c7885bc906780377ebdd90024e)] -> xpath: //h1[contains(text(),'Permanent')]]
2021-12-14 21:12:325 INFO  ManageDriver :29 - Launching chrome driver
2021-12-14 21:12:599 INFO  HomePage :58 - Clicking on job title   link : [[ChromeDriver: chrome on WINDOWS (622946a852df06ae6a01211693d9c382)] -> id: keywords]
2021-12-14 21:12:651 INFO  HomePage :62 - Clicking on location link : [[ChromeDriver: chrome on WINDOWS (622946a852df06ae6a01211693d9c382)] -> id: location]
2021-12-14 21:12:750 INFO  HomePage :68 - Clicking on distance drop down : [[ChromeDriver: chrome on WINDOWS (622946a852df06ae6a01211693d9c382)] -> id: distance]
2021-12-14 21:12:849 INFO  HomePage :73 - Clicking on more search option link : [[ChromeDriver: chrome on WINDOWS (622946a852df06ae6a01211693d9c382)] -> id: toggle-hp-search]
2021-12-14 21:12:63 INFO  HomePage :78 - Enter on minimum salary  : [[ChromeDriver: chrome on WINDOWS (622946a852df06ae6a01211693d9c382)] -> id: salarymin]
2021-12-14 21:12:125 INFO  HomePage :82 - Enter maximum salary : [[ChromeDriver: chrome on WINDOWS (622946a852df06ae6a01211693d9c382)] -> id: salarymax]
2021-12-14 21:12:167 INFO  HomePage :87 - Select salary type: [[ChromeDriver: chrome on WINDOWS (622946a852df06ae6a01211693d9c382)] -> id: salarytype]
2021-12-14 21:12:225 INFO  HomePage :92 - Select job type: [[ChromeDriver: chrome on WINDOWS (622946a852df06ae6a01211693d9c382)] -> id: tempperm]
2021-12-14 21:12:306 INFO  HomePage :97 - Clicking on find job btn link : [[ChromeDriver: chrome on WINDOWS (622946a852df06ae6a01211693d9c382)] -> id: hp-search-btn]
2021-12-14 21:12:146 INFO  ResultPage :29 - result is : [[ChromeDriver: chrome on WINDOWS (622946a852df06ae6a01211693d9c382)] -> xpath: //h1[contains(text(),'Permanent')]]
2021-12-14 21:12:951 INFO  ManageDriver :29 - Launching chrome driver
2021-12-14 21:12:230 INFO  HomePage :58 - Clicking on job title   link : [[ChromeDriver: chrome on WINDOWS (1f796d1828df17a2222807dba6259560)] -> id: keywords]
2021-12-14 21:12:422 INFO  HomePage :62 - Clicking on location link : [[ChromeDriver: chrome on WINDOWS (1f796d1828df17a2222807dba6259560)] -> id: location]
2021-12-14 21:12:525 INFO  HomePage :68 - Clicking on distance drop down : [[ChromeDriver: chrome on WINDOWS (1f796d1828df17a2222807dba6259560)] -> id: distance]
2021-12-14 21:12:630 INFO  HomePage :73 - Clicking on more search option link : [[ChromeDriver: chrome on WINDOWS (1f796d1828df17a2222807dba6259560)] -> id: toggle-hp-search]
2021-12-14 21:12:748 INFO  HomePage :78 - Enter on minimum salary  : [[ChromeDriver: chrome on WINDOWS (1f796d1828df17a2222807dba6259560)] -> id: salarymin]
2021-12-14 21:12:827 INFO  HomePage :82 - Enter maximum salary : [[ChromeDriver: chrome on WINDOWS (1f796d1828df17a2222807dba6259560)] -> id: salarymax]
2021-12-14 21:12:869 INFO  HomePage :87 - Select salary type: [[ChromeDriver: chrome on WINDOWS (1f796d1828df17a2222807dba6259560)] -> id: salarytype]
2021-12-14 21:12:926 INFO  HomePage :92 - Select job type: [[ChromeDriver: chrome on WINDOWS (1f796d1828df17a2222807dba6259560)] -> id: tempperm]
2021-12-14 21:12:04 INFO  HomePage :97 - Clicking on find job btn link : [[ChromeDriver: chrome on WINDOWS (1f796d1828df17a2222807dba6259560)] -> id: hp-search-btn]
2021-12-14 21:12:516 INFO  ResultPage :29 - result is : [[ChromeDriver: chrome on WINDOWS (1f796d1828df17a2222807dba6259560)] -> xpath: //h1[contains(text(),'Permanent')]]
2021-12-14 21:12:225 INFO  ManageDriver :29 - Launching chrome driver
2021-12-14 21:12:271 INFO  HomePage :58 - Clicking on job title   link : [[ChromeDriver: chrome on WINDOWS (8f2ada2c01fb6dfcb9c5de1b298c109f)] -> id: keywords]
2021-12-14 21:12:336 INFO  HomePage :62 - Clicking on location link : [[ChromeDriver: chrome on WINDOWS (8f2ada2c01fb6dfcb9c5de1b298c109f)] -> id: location]
2021-12-14 21:12:437 INFO  HomePage :68 - Clicking on distance drop down : [[ChromeDriver: chrome on WINDOWS (8f2ada2c01fb6dfcb9c5de1b298c109f)] -> id: distance]
2021-12-14 21:12:424 INFO  ManageDriver :29 - Launching chrome driver
2021-12-14 21:12:778 INFO  HomePage :58 - Clicking on job title   link : [[ChromeDriver: chrome on WINDOWS (c0625e26ddf633f61e0cba6116df6f64)] -> id: keywords]
2021-12-14 21:12:981 INFO  HomePage :62 - Clicking on location link : [[ChromeDriver: chrome on WINDOWS (c0625e26ddf633f61e0cba6116df6f64)] -> id: location]
2021-12-14 21:12:204 INFO  HomePage :68 - Clicking on distance drop down : [[ChromeDriver: chrome on WINDOWS (c0625e26ddf633f61e0cba6116df6f64)] -> id: distance]
2021-12-14 21:12:319 INFO  HomePage :73 - Clicking on more search option link : [[ChromeDriver: chrome on WINDOWS (c0625e26ddf633f61e0cba6116df6f64)] -> id: toggle-hp-search]
2021-12-14 21:12:483 INFO  HomePage :78 - Enter on minimum salary  : [[ChromeDriver: chrome on WINDOWS (c0625e26ddf633f61e0cba6116df6f64)] -> id: salarymin]
2021-12-14 21:12:551 INFO  HomePage :82 - Enter maximum salary : [[ChromeDriver: chrome on WINDOWS (c0625e26ddf633f61e0cba6116df6f64)] -> id: salarymax]
2021-12-14 21:12:593 INFO  HomePage :87 - Select salary type: [[ChromeDriver: chrome on WINDOWS (c0625e26ddf633f61e0cba6116df6f64)] -> id: salarytype]
2021-12-14 21:12:647 INFO  HomePage :92 - Select job type: [[ChromeDriver: chrome on WINDOWS (c0625e26ddf633f61e0cba6116df6f64)] -> id: tempperm]
2021-12-14 21:12:730 INFO  HomePage :97 - Clicking on find job btn link : [[ChromeDriver: chrome on WINDOWS (c0625e26ddf633f61e0cba6116df6f64)] -> id: hp-search-btn]
2021-12-14 21:12:627 INFO  ResultPage :29 - result is : [[ChromeDriver: chrome on WINDOWS (c0625e26ddf633f61e0cba6116df6f64)] -> xpath: //h1[contains(text(),'Permanent')]]
2021-12-14 21:12:718 INFO  ManageDriver :29 - Launching chrome driver
2021-12-14 21:12:96 INFO  HomePage :58 - Clicking on job title   link : [[ChromeDriver: chrome on WINDOWS (4eb76c41322b41f738870351b3a3c50d)] -> id: keywords]
2021-12-14 21:12:259 INFO  HomePage :62 - Clicking on location link : [[ChromeDriver: chrome on WINDOWS (4eb76c41322b41f738870351b3a3c50d)] -> id: location]
2021-12-14 21:12:388 INFO  HomePage :68 - Clicking on distance drop down : [[ChromeDriver: chrome on WINDOWS (4eb76c41322b41f738870351b3a3c50d)] -> id: distance]
2021-12-14 21:12:499 INFO  HomePage :73 - Clicking on more search option link : [[ChromeDriver: chrome on WINDOWS (4eb76c41322b41f738870351b3a3c50d)] -> id: toggle-hp-search]
2021-12-14 21:12:646 INFO  HomePage :78 - Enter on minimum salary  : [[ChromeDriver: chrome on WINDOWS (4eb76c41322b41f738870351b3a3c50d)] -> id: salarymin]
2021-12-14 21:12:723 INFO  HomePage :82 - Enter maximum salary : [[ChromeDriver: chrome on WINDOWS (4eb76c41322b41f738870351b3a3c50d)] -> id: salarymax]
2021-12-14 21:12:768 INFO  HomePage :87 - Select salary type: [[ChromeDriver: chrome on WINDOWS (4eb76c41322b41f738870351b3a3c50d)] -> id: salarytype]
2021-12-14 21:12:831 INFO  HomePage :92 - Select job type: [[ChromeDriver: chrome on WINDOWS (4eb76c41322b41f738870351b3a3c50d)] -> id: tempperm]
2021-12-14 21:12:913 INFO  HomePage :97 - Clicking on find job btn link : [[ChromeDriver: chrome on WINDOWS (4eb76c41322b41f738870351b3a3c50d)] -> id: hp-search-btn]
2021-12-14 21:12:129 INFO  ResultPage :29 - result is : [[ChromeDriver: chrome on WINDOWS (4eb76c41322b41f738870351b3a3c50d)] -> xpath: //h1[contains(text(),'Permanent')]]
2021-12-14 21:12:993 INFO  ManageDriver :29 - Launching chrome driver
2021-12-14 21:12:199 INFO  HomePage :58 - Clicking on job title   link : [[ChromeDriver: chrome on WINDOWS (1dc731fbaee408b16e6d55000e157d4f)] -> id: keywords]
2021-12-14 21:12:338 INFO  HomePage :62 - Clicking on location link : [[ChromeDriver: chrome on WINDOWS (1dc731fbaee408b16e6d55000e157d4f)] -> id: location]
2021-12-14 21:12:466 INFO  HomePage :68 - Clicking on distance drop down : [[ChromeDriver: chrome on WINDOWS (1dc731fbaee408b16e6d55000e157d4f)] -> id: distance]
2021-12-14 21:12:575 INFO  HomePage :73 - Clicking on more search option link : [[ChromeDriver: chrome on WINDOWS (1dc731fbaee408b16e6d55000e157d4f)] -> id: toggle-hp-search]
2021-12-14 21:12:683 INFO  HomePage :78 - Enter on minimum salary  : [[ChromeDriver: chrome on WINDOWS (1dc731fbaee408b16e6d55000e157d4f)] -> id: salarymin]
2021-12-14 21:12:771 INFO  HomePage :82 - Enter maximum salary : [[ChromeDriver: chrome on WINDOWS (1dc731fbaee408b16e6d55000e157d4f)] -> id: salarymax]
2021-12-14 21:12:830 INFO  HomePage :87 - Select salary type: [[ChromeDriver: chrome on WINDOWS (1dc731fbaee408b16e6d55000e157d4f)] -> id: salarytype]
2021-12-14 21:12:889 INFO  HomePage :92 - Select job type: [[ChromeDriver: chrome on WINDOWS (1dc731fbaee408b16e6d55000e157d4f)] -> id: tempperm]
2021-12-14 21:12:965 INFO  HomePage :97 - Clicking on find job btn link : [[ChromeDriver: chrome on WINDOWS (1dc731fbaee408b16e6d55000e157d4f)] -> id: hp-search-btn]
2021-12-14 21:12:436 INFO  ResultPage :29 - result is : [[ChromeDriver: chrome on WINDOWS (1dc731fbaee408b16e6d55000e157d4f)] -> xpath: //h1[contains(text(),'Permanent')]]
2021-12-14 21:12:313 INFO  ManageDriver :29 - Launching chrome driver
2021-12-14 21:12:424 INFO  HomePage :58 - Clicking on job title   link : [[ChromeDriver: chrome on WINDOWS (16dea814c3d3d5971ea5c53038203218)] -> id: keywords]
2021-12-14 21:12:585 INFO  HomePage :62 - Clicking on location link : [[ChromeDriver: chrome on WINDOWS (16dea814c3d3d5971ea5c53038203218)] -> id: location]
2021-12-14 21:12:685 INFO  HomePage :68 - Clicking on distance drop down : [[ChromeDriver: chrome on WINDOWS (16dea814c3d3d5971ea5c53038203218)] -> id: distance]
2021-12-14 21:12:791 INFO  HomePage :73 - Clicking on more search option link : [[ChromeDriver: chrome on WINDOWS (16dea814c3d3d5971ea5c53038203218)] -> id: toggle-hp-search]
2021-12-14 21:12:906 INFO  HomePage :78 - Enter on minimum salary  : [[ChromeDriver: chrome on WINDOWS (16dea814c3d3d5971ea5c53038203218)] -> id: salarymin]
2021-12-14 21:12:973 INFO  HomePage :82 - Enter maximum salary : [[ChromeDriver: chrome on WINDOWS (16dea814c3d3d5971ea5c53038203218)] -> id: salarymax]
2021-12-14 21:12:15 INFO  HomePage :87 - Select salary type: [[ChromeDriver: chrome on WINDOWS (16dea814c3d3d5971ea5c53038203218)] -> id: salarytype]
2021-12-14 21:12:78 INFO  HomePage :92 - Select job type: [[ChromeDriver: chrome on WINDOWS (16dea814c3d3d5971ea5c53038203218)] -> id: tempperm]
2021-12-14 21:12:158 INFO  HomePage :97 - Clicking on find job btn link : [[ChromeDriver: chrome on WINDOWS (16dea814c3d3d5971ea5c53038203218)] -> id: hp-search-btn]
2021-12-14 21:12:27 INFO  ResultPage :29 - result is : [[ChromeDriver: chrome on WINDOWS (16dea814c3d3d5971ea5c53038203218)] -> xpath: //h1[contains(text(),'Permanent')]]
2021-12-14 21:12:760 INFO  ManageDriver :29 - Launching chrome driver
2021-12-14 21:12:110 INFO  HomePage :58 - Clicking on job title   link : [[ChromeDriver: chrome on WINDOWS (6c9afc5519f8b12dd6d601b0962eb657)] -> id: keywords]
2021-12-14 21:12:309 INFO  HomePage :62 - Clicking on location link : [[ChromeDriver: chrome on WINDOWS (6c9afc5519f8b12dd6d601b0962eb657)] -> id: location]
2021-12-14 21:12:408 INFO  HomePage :68 - Clicking on distance drop down : [[ChromeDriver: chrome on WINDOWS (6c9afc5519f8b12dd6d601b0962eb657)] -> id: distance]
2021-12-14 21:12:520 INFO  HomePage :73 - Clicking on more search option link : [[ChromeDriver: chrome on WINDOWS (6c9afc5519f8b12dd6d601b0962eb657)] -> id: toggle-hp-search]
2021-12-14 21:12:726 INFO  HomePage :78 - Enter on minimum salary  : [[ChromeDriver: chrome on WINDOWS (6c9afc5519f8b12dd6d601b0962eb657)] -> id: salarymin]
2021-12-14 21:12:796 INFO  HomePage :82 - Enter maximum salary : [[ChromeDriver: chrome on WINDOWS (6c9afc5519f8b12dd6d601b0962eb657)] -> id: salarymax]
2021-12-14 21:12:837 INFO  HomePage :87 - Select salary type: [[ChromeDriver: chrome on WINDOWS (6c9afc5519f8b12dd6d601b0962eb657)] -> id: salarytype]
2021-12-14 21:12:891 INFO  HomePage :92 - Select job type: [[ChromeDriver: chrome on WINDOWS (6c9afc5519f8b12dd6d601b0962eb657)] -> id: tempperm]
2021-12-14 21:12:960 INFO  HomePage :97 - Clicking on find job btn link : [[ChromeDriver: chrome on WINDOWS (6c9afc5519f8b12dd6d601b0962eb657)] -> id: hp-search-btn]
2021-12-14 21:12:756 INFO  ResultPage :29 - result is : [[ChromeDriver: chrome on WINDOWS (6c9afc5519f8b12dd6d601b0962eb657)] -> xpath: //h1[contains(text(),'Permanent')]]
2021-12-14 21:12:647 INFO  ManageDriver :29 - Launching chrome driver
2021-12-14 21:12:405 INFO  HomePage :58 - Clicking on job title   link : [[ChromeDriver: chrome on WINDOWS (6be23ad77d54cd8929c21b59e0e25338)] -> id: keywords]
2021-12-14 21:12:581 INFO  HomePage :62 - Clicking on location link : [[ChromeDriver: chrome on WINDOWS (6be23ad77d54cd8929c21b59e0e25338)] -> id: location]
2021-12-14 21:12:673 INFO  HomePage :68 - Clicking on distance drop down : [[ChromeDriver: chrome on WINDOWS (6be23ad77d54cd8929c21b59e0e25338)] -> id: distance]
2021-12-14 21:12:772 INFO  HomePage :73 - Clicking on more search option link : [[ChromeDriver: chrome on WINDOWS (6be23ad77d54cd8929c21b59e0e25338)] -> id: toggle-hp-search]
2021-12-14 21:12:883 INFO  HomePage :78 - Enter on minimum salary  : [[ChromeDriver: chrome on WINDOWS (6be23ad77d54cd8929c21b59e0e25338)] -> id: salarymin]
2021-12-14 21:12:967 INFO  HomePage :82 - Enter maximum salary : [[ChromeDriver: chrome on WINDOWS (6be23ad77d54cd8929c21b59e0e25338)] -> id: salarymax]
2021-12-14 21:12:09 INFO  HomePage :87 - Select salary type: [[ChromeDriver: chrome on WINDOWS (6be23ad77d54cd8929c21b59e0e25338)] -> id: salarytype]
2021-12-14 21:12:70 INFO  HomePage :92 - Select job type: [[ChromeDriver: chrome on WINDOWS (6be23ad77d54cd8929c21b59e0e25338)] -> id: tempperm]
2021-12-14 21:12:145 INFO  HomePage :97 - Clicking on find job btn link : [[ChromeDriver: chrome on WINDOWS (6be23ad77d54cd8929c21b59e0e25338)] -> id: hp-search-btn]
2021-12-14 21:12:624 INFO  ResultPage :29 - result is : [[ChromeDriver: chrome on WINDOWS (6be23ad77d54cd8929c21b59e0e25338)] -> xpath: //h1[contains(text(),'Permanent')]]
2021-12-14 21:12:425 INFO  ManageDriver :29 - Launching chrome driver
2021-12-14 21:12:695 INFO  HomePage :58 - Clicking on job title   link : [[ChromeDriver: chrome on WINDOWS (4ec3b93a745aafef5b8068436afb7316)] -> id: keywords]
2021-12-14 21:12:921 INFO  HomePage :62 - Clicking on location link : [[ChromeDriver: chrome on WINDOWS (4ec3b93a745aafef5b8068436afb7316)] -> id: location]
2021-12-14 21:12:48 INFO  HomePage :68 - Clicking on distance drop down : [[ChromeDriver: chrome on WINDOWS (4ec3b93a745aafef5b8068436afb7316)] -> id: distance]
2021-12-14 21:12:171 INFO  HomePage :73 - Clicking on more search option link : [[ChromeDriver: chrome on WINDOWS (4ec3b93a745aafef5b8068436afb7316)] -> id: toggle-hp-search]
2021-12-14 21:12:285 INFO  HomePage :78 - Enter on minimum salary  : [[ChromeDriver: chrome on WINDOWS (4ec3b93a745aafef5b8068436afb7316)] -> id: salarymin]
2021-12-14 21:12:356 INFO  HomePage :82 - Enter maximum salary : [[ChromeDriver: chrome on WINDOWS (4ec3b93a745aafef5b8068436afb7316)] -> id: salarymax]
2021-12-14 21:12:402 INFO  HomePage :87 - Select salary type: [[ChromeDriver: chrome on WINDOWS (4ec3b93a745aafef5b8068436afb7316)] -> id: salarytype]
2021-12-14 21:12:459 INFO  HomePage :92 - Select job type: [[ChromeDriver: chrome on WINDOWS (4ec3b93a745aafef5b8068436afb7316)] -> id: tempperm]
2021-12-14 21:12:544 INFO  HomePage :97 - Clicking on find job btn link : [[ChromeDriver: chrome on WINDOWS (4ec3b93a745aafef5b8068436afb7316)] -> id: hp-search-btn]
2021-12-14 21:12:529 INFO  ResultPage :29 - result is : [[ChromeDriver: chrome on WINDOWS (4ec3b93a745aafef5b8068436afb7316)] -> xpath: //h1[contains(text(),'Permanent')]]
2021-12-14 21:12:243 INFO  ManageDriver :29 - Launching chrome driver
2021-12-14 21:12:374 INFO  HomePage :58 - Clicking on job title   link : [[ChromeDriver: chrome on WINDOWS (021dc4bdeed19898a40a10e159fb5a65)] -> id: keywords]
2021-12-14 21:12:554 INFO  HomePage :62 - Clicking on location link : [[ChromeDriver: chrome on WINDOWS (021dc4bdeed19898a40a10e159fb5a65)] -> id: location]
2021-12-14 21:12:658 INFO  HomePage :68 - Clicking on distance drop down : [[ChromeDriver: chrome on WINDOWS (021dc4bdeed19898a40a10e159fb5a65)] -> id: distance]
2021-12-14 21:12:748 INFO  HomePage :73 - Clicking on more search option link : [[ChromeDriver: chrome on WINDOWS (021dc4bdeed19898a40a10e159fb5a65)] -> id: toggle-hp-search]
2021-12-14 21:12:857 INFO  HomePage :78 - Enter on minimum salary  : [[ChromeDriver: chrome on WINDOWS (021dc4bdeed19898a40a10e159fb5a65)] -> id: salarymin]
2021-12-14 21:12:939 INFO  HomePage :82 - Enter maximum salary : [[ChromeDriver: chrome on WINDOWS (021dc4bdeed19898a40a10e159fb5a65)] -> id: salarymax]
2021-12-14 21:12:986 INFO  HomePage :87 - Select salary type: [[ChromeDriver: chrome on WINDOWS (021dc4bdeed19898a40a10e159fb5a65)] -> id: salarytype]
2021-12-14 21:12:50 INFO  HomePage :92 - Select job type: [[ChromeDriver: chrome on WINDOWS (021dc4bdeed19898a40a10e159fb5a65)] -> id: tempperm]
2021-12-14 21:12:120 INFO  HomePage :97 - Clicking on find job btn link : [[ChromeDriver: chrome on WINDOWS (021dc4bdeed19898a40a10e159fb5a65)] -> id: hp-search-btn]
2021-12-14 21:12:297 INFO  ResultPage :29 - result is : [[ChromeDriver: chrome on WINDOWS (021dc4bdeed19898a40a10e159fb5a65)] -> xpath: //h1[contains(text(),'Permanent')]]
